<?xml version="1.0" encoding="UTF-8"?>
<!-- Generated by org.testng.reporters.JUnitReportReporter -->
<testsuite hostname="TAP-5CD204B278" failures="0" tests="9" name="ExcelDriven.ExcelXTestNG" time="0.023" errors="0" timestamp="2025-04-04T17:12:44 IST" skipped="0">
  <testcase classname="ExcelDriven.ExcelXTestNG" name="logIn" time="0.001"/>
  <testcase classname="ExcelDriven.ExcelXTestNG" name="logIn" time="0.013"/>
  <testcase classname="ExcelDriven.ExcelXTestNG" name="logIn" time="0.001"/>
  <testcase classname="ExcelDriven.ExcelXTestNG" name="logIn" time="0.001"/>
  <testcase classname="ExcelDriven.ExcelXTestNG" name="logIn" time="0.001"/>
  <testcase classname="ExcelDriven.ExcelXTestNG" name="logIn" time="0.001"/>
  <testcase classname="ExcelDriven.ExcelXTestNG" name="logIn" time="0.002"/>
  <testcase classname="ExcelDriven.ExcelXTestNG" name="logIn" time="0.002"/>
  <testcase classname="ExcelDriven.ExcelXTestNG" name="logIn" time="0.001"/>
</testsuite> <!-- ExcelDriven.ExcelXTestNG -->
