<?xml version="1.0" encoding="UTF-8"?>
<!-- Generated by org.testng.reporters.JUnitReportReporter -->
<testsuite hostname="TAP-5CD204B278" failures="0" tests="9" name="ExcelDriven.ExcelXTestNG" time="0.046" errors="0" timestamp="2025-04-03T15:16:50 IST" skipped="0">
  <testcase classname="ExcelDriven.ExcelXTestNG" name="logIn" time="0.002"/>
  <testcase classname="ExcelDriven.ExcelXTestNG" name="logIn" time="0.003"/>
  <testcase classname="ExcelDriven.ExcelXTestNG" name="logIn" time="0.005"/>
  <testcase classname="ExcelDriven.ExcelXTestNG" name="logIn" time="0.004"/>
  <testcase classname="ExcelDriven.ExcelXTestNG" name="logIn" time="0.003"/>
  <testcase classname="ExcelDriven.ExcelXTestNG" name="logIn" time="0.003"/>
  <testcase classname="ExcelDriven.ExcelXTestNG" name="logIn" time="0.002"/>
  <testcase classname="ExcelDriven.ExcelXTestNG" name="logIn" time="0.003"/>
  <testcase classname="ExcelDriven.ExcelXTestNG" name="logIn" time="0.021"/>
</testsuite> <!-- ExcelDriven.ExcelXTestNG -->
